<?xml version="1.0" encoding="UTF-8"?>
<testsuite xmlns:xsi="http://www.w3.org/2001/XMLSchema-instance" xsi:noNamespaceSchemaLocation="https://maven.apache.org/surefire/maven-surefire-plugin/xsd/surefire-test-report.xsd" name="dev.snowdrop.example.LocalTest" time="21.001" tests="2" errors="0" skipped="0" failures="0">
  <properties>
    <property name="awt.toolkit" value="sun.awt.X11.XToolkit"/>
    <property name="file.encoding.pkg" value="sun.io"/>
    <property name="java.specification.version" value="1.8"/>
    <property name="sun.cpu.isalist" value=""/>
    <property name="sun.jnu.encoding" value="UTF-8"/>
    <property name="java.class.path" value="/projects/spring-boot-http-booster/target/test-classes:/projects/spring-boot-http-booster/target/classes:/home/jboss/.m2/repository/org/springframework/boot/spring-boot-starter-actuator/2.3.0.RELEASE/spring-boot-starter-actuator-2.3.0.RELEASE.jar:/home/jboss/.m2/repository/org/springframework/boot/spring-boot-starter/2.3.0.RELEASE/spring-boot-starter-2.3.0.RELEASE.jar:/home/jboss/.m2/repository/org/springframework/boot/spring-boot-starter-logging/2.3.0.RELEASE/spring-boot-starter-logging-2.3.0.RELEASE.jar:/home/jboss/.m2/repository/ch/qos/logback/logback-classic/1.2.3/logback-classic-1.2.3.jar:/home/jboss/.m2/repository/ch/qos/logback/logback-core/1.2.3/logback-core-1.2.3.jar:/home/jboss/.m2/repository/org/apache/logging/log4j/log4j-to-slf4j/2.13.3/log4j-to-slf4j-2.13.3.jar:/home/jboss/.m2/repository/org/apache/logging/log4j/log4j-api/2.13.3/log4j-api-2.13.3.jar:/home/jboss/.m2/repository/org/slf4j/jul-to-slf4j/1.7.30/jul-to-slf4j-1.7.30.jar:/home/jboss/.m2/repository/jakarta/annotation/jakarta.annotation-api/1.3.5/jakarta.annotation-api-1.3.5.jar:/home/jboss/.m2/repository/org/yaml/snakeyaml/1.26/snakeyaml-1.26.jar:/home/jboss/.m2/repository/org/springframework/boot/spring-boot-actuator-autoconfigure/2.3.0.RELEASE/spring-boot-actuator-autoconfigure-2.3.0.RELEASE.jar:/home/jboss/.m2/repository/org/springframework/boot/spring-boot-actuator/2.3.0.RELEASE/spring-boot-actuator-2.3.0.RELEASE.jar:/home/jboss/.m2/repository/org/springframework/spring-context/5.2.8.RELEASE/spring-context-5.2.8.RELEASE.jar:/home/jboss/.m2/repository/org/springframework/spring-aop/5.2.8.RELEASE/spring-aop-5.2.8.RELEASE.jar:/home/jboss/.m2/repository/org/springframework/spring-beans/5.2.8.RELEASE/spring-beans-5.2.8.RELEASE.jar:/home/jboss/.m2/repository/org/springframework/spring-expression/5.2.8.RELEASE/spring-expression-5.2.8.RELEASE.jar:/home/jboss/.m2/repository/io/micrometer/micrometer-core/1.5.3/micrometer-core-1.5.3.jar:/home/jboss/.m2/repository/org/hdrhistogram/HdrHistogram/2.1.12/HdrHistogram-2.1.12.jar:/home/jboss/.m2/repository/org/latencyutils/LatencyUtils/2.0.3/LatencyUtils-2.0.3.jar:/home/jboss/.m2/repository/io/micrometer/micrometer-registry-prometheus/1.5.3/micrometer-registry-prometheus-1.5.3.jar:/home/jboss/.m2/repository/io/prometheus/simpleclient_common/0.8.1/simpleclient_common-0.8.1.jar:/home/jboss/.m2/repository/io/prometheus/simpleclient/0.8.1/simpleclient-0.8.1.jar:/home/jboss/.m2/repository/org/jboss/resteasy/resteasy-spring-boot-starter/3.3.2.Final/resteasy-spring-boot-starter-3.3.2.Final.jar:/home/jboss/.m2/repository/org/springframework/boot/spring-boot-starter-web/2.3.0.RELEASE/spring-boot-starter-web-2.3.0.RELEASE.jar:/home/jboss/.m2/repository/org/springframework/boot/spring-boot-starter-json/2.3.0.RELEASE/spring-boot-starter-json-2.3.0.RELEASE.jar:/home/jboss/.m2/repository/org/springframework/boot/spring-boot-starter-tomcat/2.3.0.RELEASE/spring-boot-starter-tomcat-2.3.0.RELEASE.jar:/home/jboss/.m2/repository/org/apache/tomcat/embed/tomcat-embed-core/9.0.33/tomcat-embed-core-9.0.33.jar:/home/jboss/.m2/repository/org/glassfish/jakarta.el/3.0.3/jakarta.el-3.0.3.jar:/home/jboss/.m2/repository/org/apache/tomcat/embed/tomcat-embed-websocket/9.0.33/tomcat-embed-websocket-9.0.33.jar:/home/jboss/.m2/repository/org/springframework/spring-web/5.2.8.RELEASE/spring-web-5.2.8.RELEASE.jar:/home/jboss/.m2/repository/org/springframework/spring-webmvc/5.2.8.RELEASE/spring-webmvc-5.2.8.RELEASE.jar:/home/jboss/.m2/repository/org/jboss/resteasy/resteasy-jaxrs/3.9.3.SP1/resteasy-jaxrs-3.9.3.SP1.jar:/home/jboss/.m2/repository/org/jboss/spec/javax/ws/rs/jboss-jaxrs-api_2.1_spec/1.0.3.Final/jboss-jaxrs-api_2.1_spec-1.0.3.Final.jar:/home/jboss/.m2/repository/org/jboss/spec/javax/xml/bind/jboss-jaxb-api_2.3_spec/1.0.1.Final/jboss-jaxb-api_2.3_spec-1.0.1.Final.jar:/home/jboss/.m2/repository/org/reactivestreams/reactive-streams/1.0.3/reactive-streams-1.0.3.jar:/home/jboss/.m2/repository/org/jboss/spec/javax/annotation/jboss-annotations-api_1.3_spec/1.0.1.Final/jboss-annotations-api_1.3_spec-1.0.1.Final.jar:/home/jboss/.m2/repository/javax/activation/activation/1.1.1/activation-1.1.1.jar:/home/jboss/.m2/repository/commons-io/commons-io/2.5/commons-io-2.5.jar:/home/jboss/.m2/repository/com/github/stephenc/jcip/jcip-annotations/1.0-1/jcip-annotations-1.0-1.jar:/home/jboss/.m2/repository/org/jboss/resteasy/resteasy-servlet-initializer/3.9.3.SP1/resteasy-servlet-initializer-3.9.3.SP1.jar:/home/jboss/.m2/repository/org/jboss/resteasy/resteasy-spring/3.9.3.SP1/resteasy-spring-3.9.3.SP1.jar:/home/jboss/.m2/repository/org/jboss/resteasy/resteasy-jackson2-provider/3.9.3.SP1/resteasy-jackson2-provider-3.9.3.SP1.jar:/home/jboss/.m2/repository/com/github/fge/json-patch/1.9/json-patch-1.9.jar:/home/jboss/.m2/repository/com/github/fge/jackson-coreutils/1.6/jackson-coreutils-1.6.jar:/home/jboss/.m2/repository/com/github/fge/msg-simple/1.1/msg-simple-1.1.jar:/home/jboss/.m2/repository/com/github/fge/btf/1.2/btf-1.2.jar:/home/jboss/.m2/repository/javax/servlet/javax.servlet-api/4.0.1/javax.servlet-api-4.0.1.jar:/home/jboss/.m2/repository/javax/annotation/javax.annotation-api/1.3.2/javax.annotation-api-1.3.2.jar:/home/jboss/.m2/repository/javax/validation/validation-api/2.0.1.Final/validation-api-2.0.1.Final.jar:/home/jboss/.m2/repository/org/glassfish/javax.json/1.1.2/javax.json-1.1.2.jar:/home/jboss/.m2/repository/javax/json/javax.json-api/1.1.4/javax.json-api-1.1.4.jar:/home/jboss/.m2/repository/org/slf4j/slf4j-api/1.7.30/slf4j-api-1.7.30.jar:/home/jboss/.m2/repository/org/jboss/logging/jboss-logging/3.4.1.Final/jboss-logging-3.4.1.Final.jar:/home/jboss/.m2/repository/com/fasterxml/jackson/core/jackson-databind/2.11.1/jackson-databind-2.11.1.jar:/home/jboss/.m2/repository/com/fasterxml/jackson/core/jackson-core/2.11.1/jackson-core-2.11.1.jar:/home/jboss/.m2/repository/com/fasterxml/jackson/jaxrs/jackson-jaxrs-json-provider/2.11.1/jackson-jaxrs-json-provider-2.11.1.jar:/home/jboss/.m2/repository/com/fasterxml/jackson/jaxrs/jackson-jaxrs-base/2.11.1/jackson-jaxrs-base-2.11.1.jar:/home/jboss/.m2/repository/com/fasterxml/jackson/module/jackson-module-jaxb-annotations/2.11.1/jackson-module-jaxb-annotations-2.11.1.jar:/home/jboss/.m2/repository/com/fasterxml/jackson/datatype/jackson-datatype-jdk8/2.11.1/jackson-datatype-jdk8-2.11.1.jar:/home/jboss/.m2/repository/com/fasterxml/jackson/module/jackson-module-parameter-names/2.11.1/jackson-module-parameter-names-2.11.1.jar:/home/jboss/.m2/repository/com/fasterxml/jackson/datatype/jackson-datatype-jsr310/2.11.1/jackson-datatype-jsr310-2.11.1.jar:/home/jboss/.m2/repository/com/fasterxml/jackson/core/jackson-annotations/2.11.1/jackson-annotations-2.11.1.jar:/home/jboss/.m2/repository/com/google/guava/guava/25.0-jre/guava-25.0-jre.jar:/home/jboss/.m2/repository/com/google/code/findbugs/jsr305/1.3.9/jsr305-1.3.9.jar:/home/jboss/.m2/repository/org/checkerframework/checker-compat-qual/2.0.0/checker-compat-qual-2.0.0.jar:/home/jboss/.m2/repository/com/google/errorprone/error_prone_annotations/2.1.3/error_prone_annotations-2.1.3.jar:/home/jboss/.m2/repository/com/google/j2objc/j2objc-annotations/1.1/j2objc-annotations-1.1.jar:/home/jboss/.m2/repository/org/codehaus/mojo/animal-sniffer-annotations/1.14/animal-sniffer-annotations-1.14.jar:/home/jboss/.m2/repository/org/junit/jupiter/junit-jupiter-api/5.6.2/junit-jupiter-api-5.6.2.jar:/home/jboss/.m2/repository/org/apiguardian/apiguardian-api/1.1.0/apiguardian-api-1.1.0.jar:/home/jboss/.m2/repository/org/opentest4j/opentest4j/1.2.0/opentest4j-1.2.0.jar:/home/jboss/.m2/repository/org/junit/platform/junit-platform-commons/1.6.2/junit-platform-commons-1.6.2.jar:/home/jboss/.m2/repository/org/springframework/boot/spring-boot-devtools/2.3.0.RELEASE/spring-boot-devtools-2.3.0.RELEASE.jar:/home/jboss/.m2/repository/org/springframework/boot/spring-boot/2.3.0.RELEASE/spring-boot-2.3.0.RELEASE.jar:/home/jboss/.m2/repository/org/springframework/boot/spring-boot-autoconfigure/2.3.0.RELEASE/spring-boot-autoconfigure-2.3.0.RELEASE.jar:/home/jboss/.m2/repository/org/jboss/arquillian/junit/arquillian-junit-standalone/1.4.0.Final/arquillian-junit-standalone-1.4.0.Final.jar:/home/jboss/.m2/repository/org/jboss/arquillian/junit/arquillian-junit-core/1.4.0.Final/arquillian-junit-core-1.4.0.Final.jar:/home/jboss/.m2/repository/org/jboss/arquillian/test/arquillian-test-spi/1.4.0.Final/arquillian-test-spi-1.4.0.Final.jar:/home/jboss/.m2/repository/org/jboss/arquillian/test/arquillian-test-api/1.4.0.Final/arquillian-test-api-1.4.0.Final.jar:/home/jboss/.m2/repository/org/jboss/arquillian/core/arquillian-core-impl-base/1.4.0.Final/arquillian-core-impl-base-1.4.0.Final.jar:/home/jboss/.m2/repository/org/jboss/arquillian/core/arquillian-core-api/1.4.0.Final/arquillian-core-api-1.4.0.Final.jar:/home/jboss/.m2/repository/org/jboss/arquillian/test/arquillian-test-impl-base/1.4.0.Final/arquillian-test-impl-base-1.4.0.Final.jar:/home/jboss/.m2/repository/org/jboss/arquillian/config/arquillian-config-impl-base/1.4.0.Final/arquillian-config-impl-base-1.4.0.Final.jar:/home/jboss/.m2/repository/org/jboss/arquillian/config/arquillian-config-spi/1.4.0.Final/arquillian-config-spi-1.4.0.Final.jar:/home/jboss/.m2/repository/org/jboss/shrinkwrap/descriptors/shrinkwrap-descriptors-spi/2.0.0/shrinkwrap-descriptors-spi-2.0.0.jar:/home/jboss/.m2/repository/org/arquillian/cube/arquillian-cube-openshift/1.18.2/arquillian-cube-openshift-1.18.2.jar:/home/jboss/.m2/repository/org/arquillian/cube/arquillian-cube-api/1.18.2/arquillian-cube-api-1.18.2.jar:/home/jboss/.m2/repository/org/arquillian/cube/arquillian-cube-spi/1.18.2/arquillian-cube-spi-1.18.2.jar:/home/jboss/.m2/repository/org/arquillian/reporter/arquillian-core-reporter-api/0.0.3/arquillian-core-reporter-api-0.0.3.jar:/home/jboss/.m2/repository/org/arquillian/reporter/arquillian-reporter-api/0.0.3/arquillian-reporter-api-0.0.3.jar:/home/jboss/.m2/repository/org/arquillian/cube/arquillian-cube-requirement-spi/1.18.2/arquillian-cube-requirement-spi-1.18.2.jar:/home/jboss/.m2/repository/org/arquillian/cube/arquillian-cube-core/1.18.2/arquillian-cube-core-1.18.2.jar:/home/jboss/.m2/repository/org/apache/commons/commons-compress/1.5/commons-compress-1.5.jar:/home/jboss/.m2/repository/org/tukaani/xz/1.2/xz-1.2.jar:/home/jboss/.m2/repository/org/apache/commons/commons-lang3/3.10/commons-lang3-3.10.jar:/home/jboss/.m2/repository/org/arquillian/cube/arquillian-cube-kubernetes/1.18.2/arquillian-cube-kubernetes-1.18.2.jar:/home/jboss/.m2/repository/org/arquillian/cube/fabric8-maven-plugin-build/1.18.2/fabric8-maven-plugin-build-1.18.2.jar:/home/jboss/.m2/repository/org/jboss/shrinkwrap/resolver/shrinkwrap-resolver-impl-maven-embedded/3.0.1/shrinkwrap-resolver-impl-maven-embedded-3.0.1.jar:/home/jboss/.m2/repository/org/jboss/shrinkwrap/shrinkwrap-impl-base/1.2.6/shrinkwrap-impl-base-1.2.6.jar:/home/jboss/.m2/repository/org/jboss/shrinkwrap/shrinkwrap-spi/1.2.6/shrinkwrap-spi-1.2.6.jar:/home/jboss/.m2/repository/org/jboss/shrinkwrap/resolver/shrinkwrap-resolver-api-maven-embedded/3.0.1/shrinkwrap-resolver-api-maven-embedded-3.0.1.jar:/home/jboss/.m2/repository/org/apache/maven/shared/maven-invoker/3.0.0/maven-invoker-3.0.0.jar:/home/jboss/.m2/repository/org/codehaus/plexus/plexus-component-annotations/1.7/plexus-component-annotations-1.7.jar:/home/jboss/.m2/repository/org/fusesource/jansi/jansi/1.11/jansi-1.11.jar:/home/jboss/.m2/repository/org/jboss/shrinkwrap/resolver/shrinkwrap-resolver-api/2.2.6/shrinkwrap-resolver-api-2.2.6.jar:/home/jboss/.m2/repository/org/jboss/shrinkwrap/resolver/shrinkwrap-resolver-spi/2.2.6/shrinkwrap-resolver-spi-2.2.6.jar:/home/jboss/.m2/repository/org/jboss/shrinkwrap/resolver/shrinkwrap-resolver-api-maven/2.2.6/shrinkwrap-resolver-api-maven-2.2.6.jar:/home/jboss/.m2/repository/org/jboss/shrinkwrap/resolver/shrinkwrap-resolver-spi-maven/2.2.6/shrinkwrap-resolver-spi-maven-2.2.6.jar:/home/jboss/.m2/repository/org/jboss/shrinkwrap/resolver/shrinkwrap-resolver-api-maven-archive/2.2.6/shrinkwrap-resolver-api-maven-archive-2.2.6.jar:/home/jboss/.m2/repository/org/jboss/shrinkwrap/resolver/shrinkwrap-resolver-impl-maven/2.2.6/shrinkwrap-resolver-impl-maven-2.2.6.jar:/home/jboss/.m2/repository/org/eclipse/aether/aether-api/1.0.0.v20140518/aether-api-1.0.0.v20140518.jar:/home/jboss/.m2/repository/org/eclipse/aether/aether-impl/1.0.0.v20140518/aether-impl-1.0.0.v20140518.jar:/home/jboss/.m2/repository/org/eclipse/aether/aether-spi/1.0.0.v20140518/aether-spi-1.0.0.v20140518.jar:/home/jboss/.m2/repository/org/eclipse/aether/aether-util/1.0.0.v20140518/aether-util-1.0.0.v20140518.jar:/home/jboss/.m2/repository/org/eclipse/aether/aether-connector-basic/1.0.0.v20140518/aether-connector-basic-1.0.0.v20140518.jar:/home/jboss/.m2/repository/org/eclipse/aether/aether-transport-wagon/1.0.0.v20140518/aether-transport-wagon-1.0.0.v20140518.jar:/home/jboss/.m2/repository/org/apache/maven/maven-aether-provider/3.2.5/maven-aether-provider-3.2.5.jar:/home/jboss/.m2/repository/org/apache/maven/maven-model/3.2.5/maven-model-3.2.5.jar:/home/jboss/.m2/repository/org/apache/maven/maven-model-builder/3.2.5/maven-model-builder-3.2.5.jar:/home/jboss/.m2/repository/org/apache/maven/maven-repository-metadata/3.2.5/maven-repository-metadata-3.2.5.jar:/home/jboss/.m2/repository/org/apache/maven/maven-settings/3.2.5/maven-settings-3.2.5.jar:/home/jboss/.m2/repository/org/apache/maven/maven-settings-builder/3.2.5/maven-settings-builder-3.2.5.jar:/home/jboss/.m2/repository/org/codehaus/plexus/plexus-interpolation/1.21/plexus-interpolation-1.21.jar:/home/jboss/.m2/repository/org/codehaus/plexus/plexus-utils/3.0.20/plexus-utils-3.0.20.jar:/home/jboss/.m2/repository/org/sonatype/plexus/plexus-sec-dispatcher/1.3/plexus-sec-dispatcher-1.3.jar:/home/jboss/.m2/repository/org/sonatype/plexus/plexus-cipher/1.4/plexus-cipher-1.4.jar:/home/jboss/.m2/repository/org/apache/maven/wagon/wagon-provider-api/2.6/wagon-provider-api-2.6.jar:/home/jboss/.m2/repository/org/apache/maven/wagon/wagon-file/2.6/wagon-file-2.6.jar:/home/jboss/.m2/repository/commons-lang/commons-lang/2.6/commons-lang-2.6.jar:/home/jboss/.m2/repository/org/apache/maven/wagon/wagon-http-lightweight/2.6/wagon-http-lightweight-2.6.jar:/home/jboss/.m2/repository/org/apache/maven/wagon/wagon-http-shared/2.6/wagon-http-shared-2.6.jar:/home/jboss/.m2/repository/org/jsoup/jsoup/1.7.2/jsoup-1.7.2.jar:/home/jboss/.m2/repository/org/jboss/shrinkwrap/resolver/shrinkwrap-resolver-impl-maven-archive/2.2.6/shrinkwrap-resolver-impl-maven-archive-2.2.6.jar:/home/jboss/.m2/repository/org/jboss/shrinkwrap/resolver/shrinkwrap-resolver-spi-maven-archive/2.2.6/shrinkwrap-resolver-spi-maven-archive-2.2.6.jar:/home/jboss/.m2/repository/org/eclipse/sisu/org.eclipse.sisu.plexus/0.3.0.M1/org.eclipse.sisu.plexus-0.3.0.M1.jar:/home/jboss/.m2/repository/javax/enterprise/cdi-api/1.0/cdi-api-1.0.jar:/home/jboss/.m2/repository/javax/annotation/jsr250-api/1.0/jsr250-api-1.0.jar:/home/jboss/.m2/repository/org/eclipse/sisu/org.eclipse.sisu.inject/0.3.0.M1/org.eclipse.sisu.inject-0.3.0.M1.jar:/home/jboss/.m2/repository/org/codehaus/plexus/plexus-compiler-javac/2.3/plexus-compiler-javac-2.3.jar:/home/jboss/.m2/repository/org/codehaus/plexus/plexus-compiler-api/2.3/plexus-compiler-api-2.3.jar:/home/jboss/.m2/repository/org/arquillian/spacelift/arquillian-spacelift/1.0.2/arquillian-spacelift-1.0.2.jar:/home/jboss/.m2/repository/org/arquillian/spacelift/arquillian-spacelift-api/1.0.2/arquillian-spacelift-api-1.0.2.jar:/home/jboss/.m2/repository/org/jboss/arquillian/core/arquillian-core-spi/1.4.0.Final/arquillian-core-spi-1.4.0.Final.jar:/home/jboss/.m2/repository/org/jboss/arquillian/config/arquillian-config-api/1.4.0.Final/arquillian-config-api-1.4.0.Final.jar:/home/jboss/.m2/repository/org/jboss/shrinkwrap/descriptors/shrinkwrap-descriptors-api-base/2.0.0/shrinkwrap-descriptors-api-base-2.0.0.jar:/home/jboss/.m2/repository/org/awaitility/awaitility/4.0.3/awaitility-4.0.3.jar:/home/jboss/.m2/repository/io/github/lukehutch/fast-classpath-scanner/2.9.3/fast-classpath-scanner-2.9.3.jar:/home/jboss/.m2/repository/javax/inject/javax.inject/1/javax.inject-1.jar:/home/jboss/.m2/repository/io/fabric8/kubernetes-openshift-uberjar/4.0.3/kubernetes-openshift-uberjar-4.0.3-versioned.jar:/home/jboss/.m2/repository/com/squareup/okhttp3/logging-interceptor/3.14.9/logging-interceptor-3.14.9.jar:/home/jboss/.m2/repository/com/fasterxml/jackson/dataformat/jackson-dataformat-yaml/2.11.1/jackson-dataformat-yaml-2.11.1.jar:/home/jboss/.m2/repository/io/fabric8/zjsonpatch/0.3.0/zjsonpatch-0.3.0.jar:/home/jboss/.m2/repository/com/github/mifmif/generex/1.0.1/generex-1.0.1.jar:/home/jboss/.m2/repository/dk/brics/automaton/automaton/1.11-8/automaton-1.11-8.jar:/home/jboss/.m2/repository/org/arquillian/cube/arquillian-cube-openshift-api/1.18.2/arquillian-cube-openshift-api-1.18.2.jar:/home/jboss/.m2/repository/org/jboss/jboss-dmr/1.2.0.Final/jboss-dmr-1.2.0.Final.jar:/home/jboss/.m2/repository/org/jboss/shrinkwrap/shrinkwrap-api/1.2.6/shrinkwrap-api-1.2.6.jar:/home/jboss/.m2/repository/org/jboss/shrinkwrap/descriptors/shrinkwrap-descriptors-impl-javaee/2.0.0/shrinkwrap-descriptors-impl-javaee-2.0.0.jar:/home/jboss/.m2/repository/org/jboss/shrinkwrap/descriptors/shrinkwrap-descriptors-api-javaee/2.0.0/shrinkwrap-descriptors-api-javaee-2.0.0.jar:/home/jboss/.m2/repository/org/jboss/shrinkwrap/descriptors/shrinkwrap-descriptors-impl-base/2.0.0/shrinkwrap-descriptors-impl-base-2.0.0.jar:/home/jboss/.m2/repository/org/javassist/javassist/3.18.1-GA/javassist-3.18.1-GA.jar:/home/jboss/.m2/repository/com/squareup/okhttp3/okhttp/3.14.9/okhttp-3.14.9.jar:/home/jboss/.m2/repository/com/squareup/okio/okio/1.17.2/okio-1.17.2.jar:/home/jboss/.m2/repository/org/kohsuke/metainf-services/metainf-services/1.6/metainf-services-1.6.jar:/home/jboss/.m2/repository/org/jolokia/jolokia-client-java/1.3.4/jolokia-client-java-1.3.4.jar:/home/jboss/.m2/repository/com/googlecode/json-simple/json-simple/1.1.1/json-simple-1.1.1.jar:/home/jboss/.m2/repository/org/apache/httpcomponents/httpclient-osgi/4.5.12/httpclient-osgi-4.5.12.jar:/home/jboss/.m2/repository/org/springframework/boot/spring-boot-starter-test/2.3.0.RELEASE/spring-boot-starter-test-2.3.0.RELEASE.jar:/home/jboss/.m2/repository/org/springframework/boot/spring-boot-test/2.3.0.RELEASE/spring-boot-test-2.3.0.RELEASE.jar:/home/jboss/.m2/repository/org/springframework/boot/spring-boot-test-autoconfigure/2.3.0.RELEASE/spring-boot-test-autoconfigure-2.3.0.RELEASE.jar:/home/jboss/.m2/repository/com/jayway/jsonpath/json-path/2.4.0/json-path-2.4.0.jar:/home/jboss/.m2/repository/net/minidev/json-smart/2.3/json-smart-2.3.jar:/home/jboss/.m2/repository/net/minidev/accessors-smart/1.2/accessors-smart-1.2.jar:/home/jboss/.m2/repository/org/ow2/asm/asm/5.0.4/asm-5.0.4.jar:/home/jboss/.m2/repository/jakarta/xml/bind/jakarta.xml.bind-api/2.3.3/jakarta.xml.bind-api-2.3.3.jar:/home/jboss/.m2/repository/jakarta/activation/jakarta.activation-api/1.2.2/jakarta.activation-api-1.2.2.jar:/home/jboss/.m2/repository/org/assertj/assertj-core/3.16.1/assertj-core-3.16.1.jar:/home/jboss/.m2/repository/org/hamcrest/hamcrest/2.2/hamcrest-2.2.jar:/home/jboss/.m2/repository/org/junit/jupiter/junit-jupiter/5.6.2/junit-jupiter-5.6.2.jar:/home/jboss/.m2/repository/org/junit/jupiter/junit-jupiter-params/5.6.2/junit-jupiter-params-5.6.2.jar:/home/jboss/.m2/repository/org/junit/jupiter/junit-jupiter-engine/5.6.2/junit-jupiter-engine-5.6.2.jar:/home/jboss/.m2/repository/org/junit/vintage/junit-vintage-engine/5.6.2/junit-vintage-engine-5.6.2.jar:/home/jboss/.m2/repository/org/junit/platform/junit-platform-engine/1.6.2/junit-platform-engine-1.6.2.jar:/home/jboss/.m2/repository/junit/junit/4.13/junit-4.13.jar:/home/jboss/.m2/repository/org/mockito/mockito-core/3.3.3/mockito-core-3.3.3.jar:/home/jboss/.m2/repository/net/bytebuddy/byte-buddy/1.10.13/byte-buddy-1.10.13.jar:/home/jboss/.m2/repository/net/bytebuddy/byte-buddy-agent/1.10.13/byte-buddy-agent-1.10.13.jar:/home/jboss/.m2/repository/org/objenesis/objenesis/2.6/objenesis-2.6.jar:/home/jboss/.m2/repository/org/mockito/mockito-junit-jupiter/3.3.3/mockito-junit-jupiter-3.3.3.jar:/home/jboss/.m2/repository/org/skyscreamer/jsonassert/1.5.0/jsonassert-1.5.0.jar:/home/jboss/.m2/repository/com/vaadin/external/google/android-json/0.0.20131108.vaadin1/android-json-0.0.20131108.vaadin1.jar:/home/jboss/.m2/repository/org/springframework/spring-core/5.2.8.RELEASE/spring-core-5.2.8.RELEASE.jar:/home/jboss/.m2/repository/org/springframework/spring-jcl/5.2.8.RELEASE/spring-jcl-5.2.8.RELEASE.jar:/home/jboss/.m2/repository/org/springframework/spring-test/5.2.8.RELEASE/spring-test-5.2.8.RELEASE.jar:/home/jboss/.m2/repository/org/xmlunit/xmlunit-core/2.7.0/xmlunit-core-2.7.0.jar:/home/jboss/.m2/repository/io/rest-assured/rest-assured/3.3.0/rest-assured-3.3.0.jar:/home/jboss/.m2/repository/org/codehaus/groovy/groovy/2.5.13/groovy-2.5.13.jar:/home/jboss/.m2/repository/org/codehaus/groovy/groovy-xml/2.5.13/groovy-xml-2.5.13.jar:/home/jboss/.m2/repository/org/apache/httpcomponents/httpclient/4.5.12/httpclient-4.5.12.jar:/home/jboss/.m2/repository/org/apache/httpcomponents/httpcore/4.4.13/httpcore-4.4.13.jar:/home/jboss/.m2/repository/commons-codec/commons-codec/1.14/commons-codec-1.14.jar:/home/jboss/.m2/repository/org/apache/httpcomponents/httpmime/4.5.12/httpmime-4.5.12.jar:/home/jboss/.m2/repository/org/hamcrest/hamcrest-core/2.2/hamcrest-core-2.2.jar:/home/jboss/.m2/repository/org/hamcrest/hamcrest-library/2.2/hamcrest-library-2.2.jar:/home/jboss/.m2/repository/org/ccil/cowan/tagsoup/tagsoup/1.2.1/tagsoup-1.2.1.jar:/home/jboss/.m2/repository/io/rest-assured/json-path/3.3.0/json-path-3.3.0.jar:/home/jboss/.m2/repository/org/codehaus/groovy/groovy-json/2.5.13/groovy-json-2.5.13.jar:/home/jboss/.m2/repository/io/rest-assured/rest-assured-common/3.3.0/rest-assured-common-3.3.0.jar:/home/jboss/.m2/repository/io/rest-assured/xml-path/3.3.0/xml-path-3.3.0.jar:/home/jboss/.m2/repository/javax/xml/bind/jaxb-api/2.3.1/jaxb-api-2.3.1.jar:/home/jboss/.m2/repository/javax/activation/javax.activation-api/1.2.0/javax.activation-api-1.2.0.jar:/home/jboss/.m2/repository/com/sun/xml/bind/jaxb-osgi/2.2.10/jaxb-osgi-2.2.10.jar:/home/jboss/.m2/repository/org/apache/sling/org.apache.sling.javax.activation/0.1.0/org.apache.sling.javax.activation-0.1.0.jar:"/>
    <property name="java.vm.vendor" value="Red Hat, Inc."/>
    <property name="sun.arch.data.model" value="64"/>
    <property name="jkube.build.switchToDeployment" value="true"/>
    <property name="java.vendor.url" value="https://www.redhat.com/"/>
    <property name="user.timezone" value=""/>
    <property name="java.vm.specification.version" value="1.8"/>
    <property name="os.name" value="Linux"/>
    <property name="sun.java.launcher" value="SUN_STANDARD"/>
    <property name="sun.boot.library.path" value="/usr/lib/jvm/java-1.8.0-openjdk-1.8.0.292.b10-1.el8_4.x86_64/jre/lib/amd64"/>
    <property name="sun.java.command" value="/projects/spring-boot-http-booster/target/surefire/surefirebooter1802569001729449718.jar /projects/spring-boot-http-booster/target/surefire 2021-08-24T06-55-28_994-jvmRun1 surefire5404322745860376215tmp surefire_0179082185801029088tmp"/>
    <property name="surefire.test.class.path" value="/projects/spring-boot-http-booster/target/test-classes:/projects/spring-boot-http-booster/target/classes:/home/jboss/.m2/repository/org/springframework/boot/spring-boot-starter-actuator/2.3.0.RELEASE/spring-boot-starter-actuator-2.3.0.RELEASE.jar:/home/jboss/.m2/repository/org/springframework/boot/spring-boot-starter/2.3.0.RELEASE/spring-boot-starter-2.3.0.RELEASE.jar:/home/jboss/.m2/repository/org/springframework/boot/spring-boot-starter-logging/2.3.0.RELEASE/spring-boot-starter-logging-2.3.0.RELEASE.jar:/home/jboss/.m2/repository/ch/qos/logback/logback-classic/1.2.3/logback-classic-1.2.3.jar:/home/jboss/.m2/repository/ch/qos/logback/logback-core/1.2.3/logback-core-1.2.3.jar:/home/jboss/.m2/repository/org/apache/logging/log4j/log4j-to-slf4j/2.13.3/log4j-to-slf4j-2.13.3.jar:/home/jboss/.m2/repository/org/apache/logging/log4j/log4j-api/2.13.3/log4j-api-2.13.3.jar:/home/jboss/.m2/repository/org/slf4j/jul-to-slf4j/1.7.30/jul-to-slf4j-1.7.30.jar:/home/jboss/.m2/repository/jakarta/annotation/jakarta.annotation-api/1.3.5/jakarta.annotation-api-1.3.5.jar:/home/jboss/.m2/repository/org/yaml/snakeyaml/1.26/snakeyaml-1.26.jar:/home/jboss/.m2/repository/org/springframework/boot/spring-boot-actuator-autoconfigure/2.3.0.RELEASE/spring-boot-actuator-autoconfigure-2.3.0.RELEASE.jar:/home/jboss/.m2/repository/org/springframework/boot/spring-boot-actuator/2.3.0.RELEASE/spring-boot-actuator-2.3.0.RELEASE.jar:/home/jboss/.m2/repository/org/springframework/spring-context/5.2.8.RELEASE/spring-context-5.2.8.RELEASE.jar:/home/jboss/.m2/repository/org/springframework/spring-aop/5.2.8.RELEASE/spring-aop-5.2.8.RELEASE.jar:/home/jboss/.m2/repository/org/springframework/spring-beans/5.2.8.RELEASE/spring-beans-5.2.8.RELEASE.jar:/home/jboss/.m2/repository/org/springframework/spring-expression/5.2.8.RELEASE/spring-expression-5.2.8.RELEASE.jar:/home/jboss/.m2/repository/io/micrometer/micrometer-core/1.5.3/micrometer-core-1.5.3.jar:/home/jboss/.m2/repository/org/hdrhistogram/HdrHistogram/2.1.12/HdrHistogram-2.1.12.jar:/home/jboss/.m2/repository/org/latencyutils/LatencyUtils/2.0.3/LatencyUtils-2.0.3.jar:/home/jboss/.m2/repository/io/micrometer/micrometer-registry-prometheus/1.5.3/micrometer-registry-prometheus-1.5.3.jar:/home/jboss/.m2/repository/io/prometheus/simpleclient_common/0.8.1/simpleclient_common-0.8.1.jar:/home/jboss/.m2/repository/io/prometheus/simpleclient/0.8.1/simpleclient-0.8.1.jar:/home/jboss/.m2/repository/org/jboss/resteasy/resteasy-spring-boot-starter/3.3.2.Final/resteasy-spring-boot-starter-3.3.2.Final.jar:/home/jboss/.m2/repository/org/springframework/boot/spring-boot-starter-web/2.3.0.RELEASE/spring-boot-starter-web-2.3.0.RELEASE.jar:/home/jboss/.m2/repository/org/springframework/boot/spring-boot-starter-json/2.3.0.RELEASE/spring-boot-starter-json-2.3.0.RELEASE.jar:/home/jboss/.m2/repository/org/springframework/boot/spring-boot-starter-tomcat/2.3.0.RELEASE/spring-boot-starter-tomcat-2.3.0.RELEASE.jar:/home/jboss/.m2/repository/org/apache/tomcat/embed/tomcat-embed-core/9.0.33/tomcat-embed-core-9.0.33.jar:/home/jboss/.m2/repository/org/glassfish/jakarta.el/3.0.3/jakarta.el-3.0.3.jar:/home/jboss/.m2/repository/org/apache/tomcat/embed/tomcat-embed-websocket/9.0.33/tomcat-embed-websocket-9.0.33.jar:/home/jboss/.m2/repository/org/springframework/spring-web/5.2.8.RELEASE/spring-web-5.2.8.RELEASE.jar:/home/jboss/.m2/repository/org/springframework/spring-webmvc/5.2.8.RELEASE/spring-webmvc-5.2.8.RELEASE.jar:/home/jboss/.m2/repository/org/jboss/resteasy/resteasy-jaxrs/3.9.3.SP1/resteasy-jaxrs-3.9.3.SP1.jar:/home/jboss/.m2/repository/org/jboss/spec/javax/ws/rs/jboss-jaxrs-api_2.1_spec/1.0.3.Final/jboss-jaxrs-api_2.1_spec-1.0.3.Final.jar:/home/jboss/.m2/repository/org/jboss/spec/javax/xml/bind/jboss-jaxb-api_2.3_spec/1.0.1.Final/jboss-jaxb-api_2.3_spec-1.0.1.Final.jar:/home/jboss/.m2/repository/org/reactivestreams/reactive-streams/1.0.3/reactive-streams-1.0.3.jar:/home/jboss/.m2/repository/org/jboss/spec/javax/annotation/jboss-annotations-api_1.3_spec/1.0.1.Final/jboss-annotations-api_1.3_spec-1.0.1.Final.jar:/home/jboss/.m2/repository/javax/activation/activation/1.1.1/activation-1.1.1.jar:/home/jboss/.m2/repository/commons-io/commons-io/2.5/commons-io-2.5.jar:/home/jboss/.m2/repository/com/github/stephenc/jcip/jcip-annotations/1.0-1/jcip-annotations-1.0-1.jar:/home/jboss/.m2/repository/org/jboss/resteasy/resteasy-servlet-initializer/3.9.3.SP1/resteasy-servlet-initializer-3.9.3.SP1.jar:/home/jboss/.m2/repository/org/jboss/resteasy/resteasy-spring/3.9.3.SP1/resteasy-spring-3.9.3.SP1.jar:/home/jboss/.m2/repository/org/jboss/resteasy/resteasy-jackson2-provider/3.9.3.SP1/resteasy-jackson2-provider-3.9.3.SP1.jar:/home/jboss/.m2/repository/com/github/fge/json-patch/1.9/json-patch-1.9.jar:/home/jboss/.m2/repository/com/github/fge/jackson-coreutils/1.6/jackson-coreutils-1.6.jar:/home/jboss/.m2/repository/com/github/fge/msg-simple/1.1/msg-simple-1.1.jar:/home/jboss/.m2/repository/com/github/fge/btf/1.2/btf-1.2.jar:/home/jboss/.m2/repository/javax/servlet/javax.servlet-api/4.0.1/javax.servlet-api-4.0.1.jar:/home/jboss/.m2/repository/javax/annotation/javax.annotation-api/1.3.2/javax.annotation-api-1.3.2.jar:/home/jboss/.m2/repository/javax/validation/validation-api/2.0.1.Final/validation-api-2.0.1.Final.jar:/home/jboss/.m2/repository/org/glassfish/javax.json/1.1.2/javax.json-1.1.2.jar:/home/jboss/.m2/repository/javax/json/javax.json-api/1.1.4/javax.json-api-1.1.4.jar:/home/jboss/.m2/repository/org/slf4j/slf4j-api/1.7.30/slf4j-api-1.7.30.jar:/home/jboss/.m2/repository/org/jboss/logging/jboss-logging/3.4.1.Final/jboss-logging-3.4.1.Final.jar:/home/jboss/.m2/repository/com/fasterxml/jackson/core/jackson-databind/2.11.1/jackson-databind-2.11.1.jar:/home/jboss/.m2/repository/com/fasterxml/jackson/core/jackson-core/2.11.1/jackson-core-2.11.1.jar:/home/jboss/.m2/repository/com/fasterxml/jackson/jaxrs/jackson-jaxrs-json-provider/2.11.1/jackson-jaxrs-json-provider-2.11.1.jar:/home/jboss/.m2/repository/com/fasterxml/jackson/jaxrs/jackson-jaxrs-base/2.11.1/jackson-jaxrs-base-2.11.1.jar:/home/jboss/.m2/repository/com/fasterxml/jackson/module/jackson-module-jaxb-annotations/2.11.1/jackson-module-jaxb-annotations-2.11.1.jar:/home/jboss/.m2/repository/com/fasterxml/jackson/datatype/jackson-datatype-jdk8/2.11.1/jackson-datatype-jdk8-2.11.1.jar:/home/jboss/.m2/repository/com/fasterxml/jackson/module/jackson-module-parameter-names/2.11.1/jackson-module-parameter-names-2.11.1.jar:/home/jboss/.m2/repository/com/fasterxml/jackson/datatype/jackson-datatype-jsr310/2.11.1/jackson-datatype-jsr310-2.11.1.jar:/home/jboss/.m2/repository/com/fasterxml/jackson/core/jackson-annotations/2.11.1/jackson-annotations-2.11.1.jar:/home/jboss/.m2/repository/com/google/guava/guava/25.0-jre/guava-25.0-jre.jar:/home/jboss/.m2/repository/com/google/code/findbugs/jsr305/1.3.9/jsr305-1.3.9.jar:/home/jboss/.m2/repository/org/checkerframework/checker-compat-qual/2.0.0/checker-compat-qual-2.0.0.jar:/home/jboss/.m2/repository/com/google/errorprone/error_prone_annotations/2.1.3/error_prone_annotations-2.1.3.jar:/home/jboss/.m2/repository/com/google/j2objc/j2objc-annotations/1.1/j2objc-annotations-1.1.jar:/home/jboss/.m2/repository/org/codehaus/mojo/animal-sniffer-annotations/1.14/animal-sniffer-annotations-1.14.jar:/home/jboss/.m2/repository/org/junit/jupiter/junit-jupiter-api/5.6.2/junit-jupiter-api-5.6.2.jar:/home/jboss/.m2/repository/org/apiguardian/apiguardian-api/1.1.0/apiguardian-api-1.1.0.jar:/home/jboss/.m2/repository/org/opentest4j/opentest4j/1.2.0/opentest4j-1.2.0.jar:/home/jboss/.m2/repository/org/junit/platform/junit-platform-commons/1.6.2/junit-platform-commons-1.6.2.jar:/home/jboss/.m2/repository/org/springframework/boot/spring-boot-devtools/2.3.0.RELEASE/spring-boot-devtools-2.3.0.RELEASE.jar:/home/jboss/.m2/repository/org/springframework/boot/spring-boot/2.3.0.RELEASE/spring-boot-2.3.0.RELEASE.jar:/home/jboss/.m2/repository/org/springframework/boot/spring-boot-autoconfigure/2.3.0.RELEASE/spring-boot-autoconfigure-2.3.0.RELEASE.jar:/home/jboss/.m2/repository/org/jboss/arquillian/junit/arquillian-junit-standalone/1.4.0.Final/arquillian-junit-standalone-1.4.0.Final.jar:/home/jboss/.m2/repository/org/jboss/arquillian/junit/arquillian-junit-core/1.4.0.Final/arquillian-junit-core-1.4.0.Final.jar:/home/jboss/.m2/repository/org/jboss/arquillian/test/arquillian-test-spi/1.4.0.Final/arquillian-test-spi-1.4.0.Final.jar:/home/jboss/.m2/repository/org/jboss/arquillian/test/arquillian-test-api/1.4.0.Final/arquillian-test-api-1.4.0.Final.jar:/home/jboss/.m2/repository/org/jboss/arquillian/core/arquillian-core-impl-base/1.4.0.Final/arquillian-core-impl-base-1.4.0.Final.jar:/home/jboss/.m2/repository/org/jboss/arquillian/core/arquillian-core-api/1.4.0.Final/arquillian-core-api-1.4.0.Final.jar:/home/jboss/.m2/repository/org/jboss/arquillian/test/arquillian-test-impl-base/1.4.0.Final/arquillian-test-impl-base-1.4.0.Final.jar:/home/jboss/.m2/repository/org/jboss/arquillian/config/arquillian-config-impl-base/1.4.0.Final/arquillian-config-impl-base-1.4.0.Final.jar:/home/jboss/.m2/repository/org/jboss/arquillian/config/arquillian-config-spi/1.4.0.Final/arquillian-config-spi-1.4.0.Final.jar:/home/jboss/.m2/repository/org/jboss/shrinkwrap/descriptors/shrinkwrap-descriptors-spi/2.0.0/shrinkwrap-descriptors-spi-2.0.0.jar:/home/jboss/.m2/repository/org/arquillian/cube/arquillian-cube-openshift/1.18.2/arquillian-cube-openshift-1.18.2.jar:/home/jboss/.m2/repository/org/arquillian/cube/arquillian-cube-api/1.18.2/arquillian-cube-api-1.18.2.jar:/home/jboss/.m2/repository/org/arquillian/cube/arquillian-cube-spi/1.18.2/arquillian-cube-spi-1.18.2.jar:/home/jboss/.m2/repository/org/arquillian/reporter/arquillian-core-reporter-api/0.0.3/arquillian-core-reporter-api-0.0.3.jar:/home/jboss/.m2/repository/org/arquillian/reporter/arquillian-reporter-api/0.0.3/arquillian-reporter-api-0.0.3.jar:/home/jboss/.m2/repository/org/arquillian/cube/arquillian-cube-requirement-spi/1.18.2/arquillian-cube-requirement-spi-1.18.2.jar:/home/jboss/.m2/repository/org/arquillian/cube/arquillian-cube-core/1.18.2/arquillian-cube-core-1.18.2.jar:/home/jboss/.m2/repository/org/apache/commons/commons-compress/1.5/commons-compress-1.5.jar:/home/jboss/.m2/repository/org/tukaani/xz/1.2/xz-1.2.jar:/home/jboss/.m2/repository/org/apache/commons/commons-lang3/3.10/commons-lang3-3.10.jar:/home/jboss/.m2/repository/org/arquillian/cube/arquillian-cube-kubernetes/1.18.2/arquillian-cube-kubernetes-1.18.2.jar:/home/jboss/.m2/repository/org/arquillian/cube/fabric8-maven-plugin-build/1.18.2/fabric8-maven-plugin-build-1.18.2.jar:/home/jboss/.m2/repository/org/jboss/shrinkwrap/resolver/shrinkwrap-resolver-impl-maven-embedded/3.0.1/shrinkwrap-resolver-impl-maven-embedded-3.0.1.jar:/home/jboss/.m2/repository/org/jboss/shrinkwrap/shrinkwrap-impl-base/1.2.6/shrinkwrap-impl-base-1.2.6.jar:/home/jboss/.m2/repository/org/jboss/shrinkwrap/shrinkwrap-spi/1.2.6/shrinkwrap-spi-1.2.6.jar:/home/jboss/.m2/repository/org/jboss/shrinkwrap/resolver/shrinkwrap-resolver-api-maven-embedded/3.0.1/shrinkwrap-resolver-api-maven-embedded-3.0.1.jar:/home/jboss/.m2/repository/org/apache/maven/shared/maven-invoker/3.0.0/maven-invoker-3.0.0.jar:/home/jboss/.m2/repository/org/codehaus/plexus/plexus-component-annotations/1.7/plexus-component-annotations-1.7.jar:/home/jboss/.m2/repository/org/fusesource/jansi/jansi/1.11/jansi-1.11.jar:/home/jboss/.m2/repository/org/jboss/shrinkwrap/resolver/shrinkwrap-resolver-api/2.2.6/shrinkwrap-resolver-api-2.2.6.jar:/home/jboss/.m2/repository/org/jboss/shrinkwrap/resolver/shrinkwrap-resolver-spi/2.2.6/shrinkwrap-resolver-spi-2.2.6.jar:/home/jboss/.m2/repository/org/jboss/shrinkwrap/resolver/shrinkwrap-resolver-api-maven/2.2.6/shrinkwrap-resolver-api-maven-2.2.6.jar:/home/jboss/.m2/repository/org/jboss/shrinkwrap/resolver/shrinkwrap-resolver-spi-maven/2.2.6/shrinkwrap-resolver-spi-maven-2.2.6.jar:/home/jboss/.m2/repository/org/jboss/shrinkwrap/resolver/shrinkwrap-resolver-api-maven-archive/2.2.6/shrinkwrap-resolver-api-maven-archive-2.2.6.jar:/home/jboss/.m2/repository/org/jboss/shrinkwrap/resolver/shrinkwrap-resolver-impl-maven/2.2.6/shrinkwrap-resolver-impl-maven-2.2.6.jar:/home/jboss/.m2/repository/org/eclipse/aether/aether-api/1.0.0.v20140518/aether-api-1.0.0.v20140518.jar:/home/jboss/.m2/repository/org/eclipse/aether/aether-impl/1.0.0.v20140518/aether-impl-1.0.0.v20140518.jar:/home/jboss/.m2/repository/org/eclipse/aether/aether-spi/1.0.0.v20140518/aether-spi-1.0.0.v20140518.jar:/home/jboss/.m2/repository/org/eclipse/aether/aether-util/1.0.0.v20140518/aether-util-1.0.0.v20140518.jar:/home/jboss/.m2/repository/org/eclipse/aether/aether-connector-basic/1.0.0.v20140518/aether-connector-basic-1.0.0.v20140518.jar:/home/jboss/.m2/repository/org/eclipse/aether/aether-transport-wagon/1.0.0.v20140518/aether-transport-wagon-1.0.0.v20140518.jar:/home/jboss/.m2/repository/org/apache/maven/maven-aether-provider/3.2.5/maven-aether-provider-3.2.5.jar:/home/jboss/.m2/repository/org/apache/maven/maven-model/3.2.5/maven-model-3.2.5.jar:/home/jboss/.m2/repository/org/apache/maven/maven-model-builder/3.2.5/maven-model-builder-3.2.5.jar:/home/jboss/.m2/repository/org/apache/maven/maven-repository-metadata/3.2.5/maven-repository-metadata-3.2.5.jar:/home/jboss/.m2/repository/org/apache/maven/maven-settings/3.2.5/maven-settings-3.2.5.jar:/home/jboss/.m2/repository/org/apache/maven/maven-settings-builder/3.2.5/maven-settings-builder-3.2.5.jar:/home/jboss/.m2/repository/org/codehaus/plexus/plexus-interpolation/1.21/plexus-interpolation-1.21.jar:/home/jboss/.m2/repository/org/codehaus/plexus/plexus-utils/3.0.20/plexus-utils-3.0.20.jar:/home/jboss/.m2/repository/org/sonatype/plexus/plexus-sec-dispatcher/1.3/plexus-sec-dispatcher-1.3.jar:/home/jboss/.m2/repository/org/sonatype/plexus/plexus-cipher/1.4/plexus-cipher-1.4.jar:/home/jboss/.m2/repository/org/apache/maven/wagon/wagon-provider-api/2.6/wagon-provider-api-2.6.jar:/home/jboss/.m2/repository/org/apache/maven/wagon/wagon-file/2.6/wagon-file-2.6.jar:/home/jboss/.m2/repository/commons-lang/commons-lang/2.6/commons-lang-2.6.jar:/home/jboss/.m2/repository/org/apache/maven/wagon/wagon-http-lightweight/2.6/wagon-http-lightweight-2.6.jar:/home/jboss/.m2/repository/org/apache/maven/wagon/wagon-http-shared/2.6/wagon-http-shared-2.6.jar:/home/jboss/.m2/repository/org/jsoup/jsoup/1.7.2/jsoup-1.7.2.jar:/home/jboss/.m2/repository/org/jboss/shrinkwrap/resolver/shrinkwrap-resolver-impl-maven-archive/2.2.6/shrinkwrap-resolver-impl-maven-archive-2.2.6.jar:/home/jboss/.m2/repository/org/jboss/shrinkwrap/resolver/shrinkwrap-resolver-spi-maven-archive/2.2.6/shrinkwrap-resolver-spi-maven-archive-2.2.6.jar:/home/jboss/.m2/repository/org/eclipse/sisu/org.eclipse.sisu.plexus/0.3.0.M1/org.eclipse.sisu.plexus-0.3.0.M1.jar:/home/jboss/.m2/repository/javax/enterprise/cdi-api/1.0/cdi-api-1.0.jar:/home/jboss/.m2/repository/javax/annotation/jsr250-api/1.0/jsr250-api-1.0.jar:/home/jboss/.m2/repository/org/eclipse/sisu/org.eclipse.sisu.inject/0.3.0.M1/org.eclipse.sisu.inject-0.3.0.M1.jar:/home/jboss/.m2/repository/org/codehaus/plexus/plexus-compiler-javac/2.3/plexus-compiler-javac-2.3.jar:/home/jboss/.m2/repository/org/codehaus/plexus/plexus-compiler-api/2.3/plexus-compiler-api-2.3.jar:/home/jboss/.m2/repository/org/arquillian/spacelift/arquillian-spacelift/1.0.2/arquillian-spacelift-1.0.2.jar:/home/jboss/.m2/repository/org/arquillian/spacelift/arquillian-spacelift-api/1.0.2/arquillian-spacelift-api-1.0.2.jar:/home/jboss/.m2/repository/org/jboss/arquillian/core/arquillian-core-spi/1.4.0.Final/arquillian-core-spi-1.4.0.Final.jar:/home/jboss/.m2/repository/org/jboss/arquillian/config/arquillian-config-api/1.4.0.Final/arquillian-config-api-1.4.0.Final.jar:/home/jboss/.m2/repository/org/jboss/shrinkwrap/descriptors/shrinkwrap-descriptors-api-base/2.0.0/shrinkwrap-descriptors-api-base-2.0.0.jar:/home/jboss/.m2/repository/org/awaitility/awaitility/4.0.3/awaitility-4.0.3.jar:/home/jboss/.m2/repository/io/github/lukehutch/fast-classpath-scanner/2.9.3/fast-classpath-scanner-2.9.3.jar:/home/jboss/.m2/repository/javax/inject/javax.inject/1/javax.inject-1.jar:/home/jboss/.m2/repository/io/fabric8/kubernetes-openshift-uberjar/4.0.3/kubernetes-openshift-uberjar-4.0.3-versioned.jar:/home/jboss/.m2/repository/com/squareup/okhttp3/logging-interceptor/3.14.9/logging-interceptor-3.14.9.jar:/home/jboss/.m2/repository/com/fasterxml/jackson/dataformat/jackson-dataformat-yaml/2.11.1/jackson-dataformat-yaml-2.11.1.jar:/home/jboss/.m2/repository/io/fabric8/zjsonpatch/0.3.0/zjsonpatch-0.3.0.jar:/home/jboss/.m2/repository/com/github/mifmif/generex/1.0.1/generex-1.0.1.jar:/home/jboss/.m2/repository/dk/brics/automaton/automaton/1.11-8/automaton-1.11-8.jar:/home/jboss/.m2/repository/org/arquillian/cube/arquillian-cube-openshift-api/1.18.2/arquillian-cube-openshift-api-1.18.2.jar:/home/jboss/.m2/repository/org/jboss/jboss-dmr/1.2.0.Final/jboss-dmr-1.2.0.Final.jar:/home/jboss/.m2/repository/org/jboss/shrinkwrap/shrinkwrap-api/1.2.6/shrinkwrap-api-1.2.6.jar:/home/jboss/.m2/repository/org/jboss/shrinkwrap/descriptors/shrinkwrap-descriptors-impl-javaee/2.0.0/shrinkwrap-descriptors-impl-javaee-2.0.0.jar:/home/jboss/.m2/repository/org/jboss/shrinkwrap/descriptors/shrinkwrap-descriptors-api-javaee/2.0.0/shrinkwrap-descriptors-api-javaee-2.0.0.jar:/home/jboss/.m2/repository/org/jboss/shrinkwrap/descriptors/shrinkwrap-descriptors-impl-base/2.0.0/shrinkwrap-descriptors-impl-base-2.0.0.jar:/home/jboss/.m2/repository/org/javassist/javassist/3.18.1-GA/javassist-3.18.1-GA.jar:/home/jboss/.m2/repository/com/squareup/okhttp3/okhttp/3.14.9/okhttp-3.14.9.jar:/home/jboss/.m2/repository/com/squareup/okio/okio/1.17.2/okio-1.17.2.jar:/home/jboss/.m2/repository/org/kohsuke/metainf-services/metainf-services/1.6/metainf-services-1.6.jar:/home/jboss/.m2/repository/org/jolokia/jolokia-client-java/1.3.4/jolokia-client-java-1.3.4.jar:/home/jboss/.m2/repository/com/googlecode/json-simple/json-simple/1.1.1/json-simple-1.1.1.jar:/home/jboss/.m2/repository/org/apache/httpcomponents/httpclient-osgi/4.5.12/httpclient-osgi-4.5.12.jar:/home/jboss/.m2/repository/org/springframework/boot/spring-boot-starter-test/2.3.0.RELEASE/spring-boot-starter-test-2.3.0.RELEASE.jar:/home/jboss/.m2/repository/org/springframework/boot/spring-boot-test/2.3.0.RELEASE/spring-boot-test-2.3.0.RELEASE.jar:/home/jboss/.m2/repository/org/springframework/boot/spring-boot-test-autoconfigure/2.3.0.RELEASE/spring-boot-test-autoconfigure-2.3.0.RELEASE.jar:/home/jboss/.m2/repository/com/jayway/jsonpath/json-path/2.4.0/json-path-2.4.0.jar:/home/jboss/.m2/repository/net/minidev/json-smart/2.3/json-smart-2.3.jar:/home/jboss/.m2/repository/net/minidev/accessors-smart/1.2/accessors-smart-1.2.jar:/home/jboss/.m2/repository/org/ow2/asm/asm/5.0.4/asm-5.0.4.jar:/home/jboss/.m2/repository/jakarta/xml/bind/jakarta.xml.bind-api/2.3.3/jakarta.xml.bind-api-2.3.3.jar:/home/jboss/.m2/repository/jakarta/activation/jakarta.activation-api/1.2.2/jakarta.activation-api-1.2.2.jar:/home/jboss/.m2/repository/org/assertj/assertj-core/3.16.1/assertj-core-3.16.1.jar:/home/jboss/.m2/repository/org/hamcrest/hamcrest/2.2/hamcrest-2.2.jar:/home/jboss/.m2/repository/org/junit/jupiter/junit-jupiter/5.6.2/junit-jupiter-5.6.2.jar:/home/jboss/.m2/repository/org/junit/jupiter/junit-jupiter-params/5.6.2/junit-jupiter-params-5.6.2.jar:/home/jboss/.m2/repository/org/junit/jupiter/junit-jupiter-engine/5.6.2/junit-jupiter-engine-5.6.2.jar:/home/jboss/.m2/repository/org/junit/vintage/junit-vintage-engine/5.6.2/junit-vintage-engine-5.6.2.jar:/home/jboss/.m2/repository/org/junit/platform/junit-platform-engine/1.6.2/junit-platform-engine-1.6.2.jar:/home/jboss/.m2/repository/junit/junit/4.13/junit-4.13.jar:/home/jboss/.m2/repository/org/mockito/mockito-core/3.3.3/mockito-core-3.3.3.jar:/home/jboss/.m2/repository/net/bytebuddy/byte-buddy/1.10.13/byte-buddy-1.10.13.jar:/home/jboss/.m2/repository/net/bytebuddy/byte-buddy-agent/1.10.13/byte-buddy-agent-1.10.13.jar:/home/jboss/.m2/repository/org/objenesis/objenesis/2.6/objenesis-2.6.jar:/home/jboss/.m2/repository/org/mockito/mockito-junit-jupiter/3.3.3/mockito-junit-jupiter-3.3.3.jar:/home/jboss/.m2/repository/org/skyscreamer/jsonassert/1.5.0/jsonassert-1.5.0.jar:/home/jboss/.m2/repository/com/vaadin/external/google/android-json/0.0.20131108.vaadin1/android-json-0.0.20131108.vaadin1.jar:/home/jboss/.m2/repository/org/springframework/spring-core/5.2.8.RELEASE/spring-core-5.2.8.RELEASE.jar:/home/jboss/.m2/repository/org/springframework/spring-jcl/5.2.8.RELEASE/spring-jcl-5.2.8.RELEASE.jar:/home/jboss/.m2/repository/org/springframework/spring-test/5.2.8.RELEASE/spring-test-5.2.8.RELEASE.jar:/home/jboss/.m2/repository/org/xmlunit/xmlunit-core/2.7.0/xmlunit-core-2.7.0.jar:/home/jboss/.m2/repository/io/rest-assured/rest-assured/3.3.0/rest-assured-3.3.0.jar:/home/jboss/.m2/repository/org/codehaus/groovy/groovy/2.5.13/groovy-2.5.13.jar:/home/jboss/.m2/repository/org/codehaus/groovy/groovy-xml/2.5.13/groovy-xml-2.5.13.jar:/home/jboss/.m2/repository/org/apache/httpcomponents/httpclient/4.5.12/httpclient-4.5.12.jar:/home/jboss/.m2/repository/org/apache/httpcomponents/httpcore/4.4.13/httpcore-4.4.13.jar:/home/jboss/.m2/repository/commons-codec/commons-codec/1.14/commons-codec-1.14.jar:/home/jboss/.m2/repository/org/apache/httpcomponents/httpmime/4.5.12/httpmime-4.5.12.jar:/home/jboss/.m2/repository/org/hamcrest/hamcrest-core/2.2/hamcrest-core-2.2.jar:/home/jboss/.m2/repository/org/hamcrest/hamcrest-library/2.2/hamcrest-library-2.2.jar:/home/jboss/.m2/repository/org/ccil/cowan/tagsoup/tagsoup/1.2.1/tagsoup-1.2.1.jar:/home/jboss/.m2/repository/io/rest-assured/json-path/3.3.0/json-path-3.3.0.jar:/home/jboss/.m2/repository/org/codehaus/groovy/groovy-json/2.5.13/groovy-json-2.5.13.jar:/home/jboss/.m2/repository/io/rest-assured/rest-assured-common/3.3.0/rest-assured-common-3.3.0.jar:/home/jboss/.m2/repository/io/rest-assured/xml-path/3.3.0/xml-path-3.3.0.jar:/home/jboss/.m2/repository/javax/xml/bind/jaxb-api/2.3.1/jaxb-api-2.3.1.jar:/home/jboss/.m2/repository/javax/activation/javax.activation-api/1.2.0/javax.activation-api-1.2.0.jar:/home/jboss/.m2/repository/com/sun/xml/bind/jaxb-osgi/2.2.10/jaxb-osgi-2.2.10.jar:/home/jboss/.m2/repository/org/apache/sling/org.apache.sling.javax.activation/0.1.0/org.apache.sling.javax.activation-0.1.0.jar:"/>
    <property name="sun.cpu.endian" value="little"/>
    <property name="user.home" value="/home/jboss"/>
    <property name="user.language" value="en"/>
    <property name="java.specification.vendor" value="Oracle Corporation"/>
    <property name="java.home" value="/usr/lib/jvm/java-1.8.0-openjdk-1.8.0.292.b10-1.el8_4.x86_64/jre"/>
    <property name="basedir" value="/projects/spring-boot-http-booster"/>
    <property name="file.separator" value="/"/>
    <property name="line.separator" value="&#10;"/>
    <property name="java.vm.specification.vendor" value="Oracle Corporation"/>
    <property name="java.specification.name" value="Java Platform API Specification"/>
    <property name="java.awt.graphicsenv" value="sun.awt.X11GraphicsEnvironment"/>
    <property name="surefire.real.class.path" value="/projects/spring-boot-http-booster/target/surefire/surefirebooter1802569001729449718.jar"/>
    <property name="sun.boot.class.path" value="/usr/lib/jvm/java-1.8.0-openjdk-1.8.0.292.b10-1.el8_4.x86_64/jre/lib/resources.jar:/usr/lib/jvm/java-1.8.0-openjdk-1.8.0.292.b10-1.el8_4.x86_64/jre/lib/rt.jar:/usr/lib/jvm/java-1.8.0-openjdk-1.8.0.292.b10-1.el8_4.x86_64/jre/lib/sunrsasign.jar:/usr/lib/jvm/java-1.8.0-openjdk-1.8.0.292.b10-1.el8_4.x86_64/jre/lib/jsse.jar:/usr/lib/jvm/java-1.8.0-openjdk-1.8.0.292.b10-1.el8_4.x86_64/jre/lib/jce.jar:/usr/lib/jvm/java-1.8.0-openjdk-1.8.0.292.b10-1.el8_4.x86_64/jre/lib/charsets.jar:/usr/lib/jvm/java-1.8.0-openjdk-1.8.0.292.b10-1.el8_4.x86_64/jre/lib/jfr.jar:/usr/lib/jvm/java-1.8.0-openjdk-1.8.0.292.b10-1.el8_4.x86_64/jre/classes"/>
    <property name="sun.management.compiler" value="HotSpot 64-Bit Tiered Compilers"/>
    <property name="java.runtime.version" value="1.8.0_292-b10"/>
    <property name="user.name" value="jboss"/>
    <property name="path.separator" value=":"/>
    <property name="os.version" value="4.18.0-240.23.2.el8_3.x86_64"/>
    <property name="java.endorsed.dirs" value="/usr/lib/jvm/java-1.8.0-openjdk-1.8.0.292.b10-1.el8_4.x86_64/jre/lib/endorsed"/>
    <property name="java.runtime.name" value="OpenJDK Runtime Environment"/>
    <property name="file.encoding" value="UTF-8"/>
    <property name="java.vm.name" value="OpenJDK 64-Bit Server VM"/>
    <property name="localRepository" value="/home/jboss/.m2/repository"/>
    <property name="java.vendor.url.bug" value="https://bugzilla.redhat.com/enter_bug.cgi?product=Red%20Hat%20Enterprise%20Linux%208&amp;component=java-1.8.0-openjdk"/>
    <property name="java.io.tmpdir" value="/tmp"/>
    <property name="java.version" value="1.8.0_292"/>
    <property name="user.dir" value="/projects/spring-boot-http-booster"/>
    <property name="os.arch" value="amd64"/>
    <property name="java.vm.specification.name" value="Java Virtual Machine Specification"/>
    <property name="java.awt.printerjob" value="sun.print.PSPrinterJob"/>
    <property name="sun.os.patch.level" value="unknown"/>
    <property name="java.library.path" value="/usr/java/packages/lib/amd64:/usr/lib64:/lib64:/lib:/usr/lib"/>
    <property name="java.vm.info" value="mixed mode"/>
    <property name="java.vendor" value="Red Hat, Inc."/>
    <property name="java.vm.version" value="25.292-b10"/>
    <property name="java.ext.dirs" value="/usr/lib/jvm/java-1.8.0-openjdk-1.8.0.292.b10-1.el8_4.x86_64/jre/lib/ext:/usr/java/packages/lib/ext"/>
    <property name="sun.io.unicode.encoding" value="UnicodeLittle"/>
    <property name="java.class.version" value="52.0"/>
  </properties>
  <testcase name="testGreetingEndpointWithNameParameter" classname="dev.snowdrop.example.LocalTest" time="6.09"/>
  <testcase name="testGreetingEndpoint" classname="dev.snowdrop.example.LocalTest" time="0.1"/>
</testsuite>